ref_map.pl version 2.3b started at 2019-02-01 16:35:43
/usr/local/bin/ref_map.pl --samples /data/biohub/2014_SchwensowGBS/4_aligned/bam --popmap /data/biohub/2014_SchwensowGBS/pop_map -T 16 -o /data/biohub/2014_SchwensowGBS/5_stacks -X populations:-p 2 -X populations:-r 0.75 -X populations:--min_maf 0.05 -X populations:-e pstI -X populations:--merge_sites -X populations:--hwe -X populations:--fstats -X populations:--fst_correction p_value -X populations:-k -X populations:--ordered_export -X populations:--genepop -X populations:--vcf -X populations:--plink

gstacks
==========
/usr/local/bin/gstacks -I /data/biohub/2014_SchwensowGBS/4_aligned/bam/ -M /data/biohub/2014_SchwensowGBS/pop_map -O /data/biohub/2014_SchwensowGBS/5_stacks -t 16

Logging to '/data/biohub/2014_SchwensowGBS/5_stacks/gstacks.log'.
Locus/sample distributions will be written to '/data/biohub/2014_SchwensowGBS/5_stacks/gstacks.log.distribs'.

Configuration for this run:
  Input mode: reference-based
  Population map: '/data/biohub/2014_SchwensowGBS/pop_map'
  Input files: 146, e.g. '/data/biohub/2014_SchwensowGBS/4_aligned/bam/gc2364.bam'
  Output to: '/data/biohub/2014_SchwensowGBS/5_stacks/'
  Model: marukilow (var_alpha: 0.01, gt_alpha: 0.05)

Reading BAM headers...
Processing all loci...
1K...
2K...
5K...
10K...
20K...
50K...
100K...
200K...
500K...
1000K...
2000K...
done.

Read 884908111 BAM records:
  kept 846545540 primary alignments (95.7%), of which 425463763 reverse reads
  skipped 0 primary alignments with insufficient mapping qualities (0.0%)
  skipped 38362571 excessively soft-clipped primary alignments (4.3%)
  skipped 0 unmapped reads (0.0%)

  Per-sample stats (details in 'gstacks.log.distribs'):
    read 6061014.5 records/sample (1264888-16146550)
    kept 84.9%-97.9% of these

Built 4310803 loci comprising 421081777 forward reads and 271921439 matching paired-end reads; mean insert length was 147.9 (sd: 58.6).

Genotyped 4310803 loci:
  effective per-sample coverage: mean=8.7x, stdev=3.1x, min=3.0x, max=20.3x
  mean number of sites per locus: 136.8
  a consistent phasing was found for 5186665 of out 5364135 (96.7%) diploid loci needing phasing

gstacks is done.

populations
==========
/usr/local/bin/populations -P /data/biohub/2014_SchwensowGBS/5_stacks -M /data/biohub/2014_SchwensowGBS/pop_map -t 16 -p 2 -r 0.75 --min_maf 0.05 -e pstI --merge_sites --hwe --fstats --fst_correction p_value -k --ordered_export --genepop --vcf --plink

Logging to '/data/biohub/2014_SchwensowGBS/5_stacks/populations.log'.
Locus/sample distributions will be written to '/data/biohub/2014_SchwensowGBS/5_stacks/populations.log.distribs'.
populations parameters selected:
  Percent samples limit per population: 0.75
  Locus Population limit: 2
  Percent samples overall: 0
  Minor allele frequency cutoff: 0.05
  Maximum observed heterozygosity cutoff: 1
  Applying Fst correction: P-value correction.
  Pi/Fis kernel smoothing: on
  Fstats kernel smoothing: on
  Bootstrap resampling: off

Parsing population map...
The population map contained 146 samples, 3 population(s), 1 group(s).
Working on 146 samples.
Working on 3 population(s):
    1: gc2364, gc2377, gc2378, gc2380, gc2388, gc2545, gc2547, gc2553, gc2554, gc2571, gc2596, gc2597, gc2598, gc2599, gc2600, gc2602, 
       gc2623, gc2686, gc2691, gc2695, gc2699, gc2706, gc2707, gc2708, gc2710, gc2725, gc2726, gc2727, gc2728, gc2730, gc2731, gc2761, 
       gc2766, gc2776, gc2794, gc2795, gc2802, gc2808, gc2880, gc2884, gc2897, gc2899, gc2901, gc2917, gc2922, gc2923, gc2940, gc3124, 
       gc3134, gc3138, gc3167, gc3176, gc3249, gc3267, gc3290, gc3291, gc3299
    2: ora624, ora625, ora626, ora627, ora628, ora629, ora630, ora631, ora632, ora633, ora634, ora635, ora636, ora637, ora638, ora639, 
       ora640, ora641, ora642, ora643, ora644, ora645, ora646, ora647, ora648, ora649, ora650, ora651, ora652, ora653, ora654, ora655, 
       ora656, ora657, ora658, ora659, ora660, ora661, ora662, ora663, ora664, ora665, ora666, ora667, ora668, ora669, ora670, ora671, 
       ora672, ora673, oraA, oraB, oraC
    3: TF1032, Y2129, Y2481, Y2508, Y2510, Y2545, Y2617, Y2632, Y2652, Y2680, Y2683, Y2687, Y2693, Y2700, Y2701, Y2703, Y2704, Y2718, 
       Y2719, Y2720, Y2726, Y2727, Y2729, Y2730, Y2732, Y2753, Y2759, Y2761, Y2762, Y2765, Y2767, Y2769, pt1954, pt1986, pt1996, 
       tf1025
Working on 1 group(s) of populations:
    defaultgrp: 1, 2, 3

Polymorphic sites in GenePop format will be written to '/data/biohub/2014_SchwensowGBS/5_stacks/populations.snps.genepop'
Warning: Genepop: The order in which samples appear was modified (as the input population map is not sorted).Polymorphic loci in GenePop format will be written to '/data/biohub/2014_SchwensowGBS/5_stacks/populations.haps.genepop'
SNPs and calls will be written in VCF format to '/data/biohub/2014_SchwensowGBS/5_stacks/populations.snps.vcf'
Haplotypes will be written in VCF format to '/data/biohub/2014_SchwensowGBS/5_stacks/populations.haps.vcf'
Polymorphic sites in PLINK format will be written to '/data/biohub/2014_SchwensowGBS/5_stacks/populations.plink.ped'
Genotyping markers will be written to '/data/biohub/2014_SchwensowGBS/5_stacks/populations.markers.tsv'
Raw Genotypes/Haplotypes will be written to '/data/biohub/2014_SchwensowGBS/5_stacks/populations.haplotypes.tsv'
Population-level summary statistics will be written to '/data/biohub/2014_SchwensowGBS/5_stacks/populations.sumstats.tsv'
Population-level haplotype summary statistics will be written to '/data/biohub/2014_SchwensowGBS/5_stacks/populations.hapstats.tsv'

Processing data in batches:
  * load a batch of catalog loci and apply filters
  * compute SNP- and haplotype-wise per-population statistics
  * compute SNP- and haplotype-wise deviation from HWE
  * compute F-statistics
  * smooth per-population statistics
  * smooth F-statistics
  * write the above statistics in the output files
  * export the genotypes/haplotypes in specified format(s)
More details in '/data/biohub/2014_SchwensowGBS/5_stacks/populations.log.distribs'.
Now processing...
1 
2 
3 
4 
5 
6 
7 
8 
9 
10 
11 
12 
13 
14 
15 
16 
17 
18 
19 
20 
21 
X 
GL018699 
GL018700 
GL018701 
GL018702 
GL018703 
GL018704 
GL018705 
GL018706 
GL018707 
GL018708 
GL018709 
GL018710 
GL018711 
GL018712 
GL018713 
GL018714 
GL018719 
GL018715 
GL018717 
GL018716 
GL018718 
GL018720 
GL018723 
GL018724 
GL018721 
GL018725 
GL018722 
GL018726 
GL018727 
GL018730 
GL018728 
GL018731 
GL018729 
GL018732 
GL018734 
GL018733 
GL018735 
GL018736 
GL018738 
GL018740 
GL018737 
GL018741 
GL018739 
GL018744 
GL018742 
GL018743 
GL018745 
GL018748 
GL018746 
GL018747 
GL018752 
GL018749 
GL018750 
GL018751 
GL018754 
GL018753 
GL018755 
GL018758 
GL018757 
GL018756 
GL018759 
GL018760 
GL018761 
GL018763 
GL018762 
GL018764 
GL018772 
GL018765 
GL018766 
GL018767 
GL018768 
GL018769 
GL018774 
GL018773 
GL018770 
GL018771 
GL018775 
GL018776 
GL018785 
GL018777 
GL018782 
GL018781 
GL018779 
GL018786 
GL018792 
GL018778 
GL018796 
GL018780 
GL018783 
GL018784 
GL018787 
GL018789 
GL018790 
GL018788 
GL018799 
GL018805 
GL018794 
GL018791 
GL018793 
GL018795 
GL018797 
GL018798 
GL018818 
GL018800 
GL018804 
GL018806 
GL018809 
GL018803 
GL018801 
GL018808 
GL018832 
GL018802 
GL018807 
GL018811 
GL018812 
GL018810 
GL018821 
GL018814 
GL018817 
GL018813 
GL018815 
GL018816 
GL018826 
GL018820 
GL018839 
GL018822 
GL018829 
GL018819 
GL018827 
GL018825 
GL018828 
GL018823 
GL018833 
GL018824 
GL018830 
GL018831 
GL018834 
GL018835 
GL018841 
GL018838 
GL018836 
GL018837 
GL018840 
GL018856 
GL018854 
GL018844 
GL018842 
GL018843 
GL018848 
GL018845 
GL018847 
GL018872 
GL018887 
GL018877 
GL018851 
GL018846 
GL018849 
GL018855 
GL018865 
GL018862 
GL018850 
GL018857 
GL018853 
GL018852 
GL018869 
GL018870 
GL018879 
GL018866 
GL018859 
GL018858 
GL018861 
GL018864 
GL018860 
GL018867 
GL018875 
GL018863 
GL018868 
GL018885 
GL018925 
GL018871 
GL018876 
GL018900 
GL018873 
GL018888 
GL018921 
GL018878 
GL018874 
GL018880 
GL018905 
GL018917 
GL018881 
GL018903 
GL018882 
GL018922 
GL018883 
GL018901 
GL018893 
GL018884 
GL018899 
GL018891 
GL018904 
GL018938 
GL018890 
GL018894 
GL018907 
GL018886 
GL018898 
GL018919 
GL018892 
GL018895 
GL018896 
GL018889 
GL018913 
GL018897 
GL018935 
GL018911 
GL018909 
GL019038 
GL018902 
GL018906 
GL018934 
GL018966 
GL018908 
GL019061 
GL018915 
GL018924 
GL018914 
GL018916 
GL018920 
GL018912 
GL018910 
GL018978 
GL018918 
GL018929 
GL018923 
GL018936 
GL018930 
GL018926 
GL018933 
GL018932 
GL018928 
GL018927 
GL018931 
GL018959 
GL019020 
GL018941 
GL018939 
GL018947 
GL019036 
GL018945 
GL018951 
GL019022 
GL019001 
GL018942 
GL018997 
GL018940 
GL018937 
GL018944 
GL018953 
GL018946 
GL018970 
GL018943 
GL018984 
GL018977 
GL018979 
GL018950 
GL018954 
GL018949 
GL018952 
GL018987 
GL018960 
GL018948 
GL018994 
GL018964 
GL018991 
GL018962 
GL018957 
GL018956 
GL018968 
GL018963 
GL018955 
GL018969 
GL018965 
GL018974 
GL018958 
GL018980 
GL018975 
GL018961 
GL019008 
GL018967 
GL018973 
GL018983 
GL018972 
GL018976 
GL019052 
GL018971 
GL019015 
GL019026 
GL018982 
GL018986 
GL019011 
GL019006 
GL018985 
GL018996 
GL018988 
GL018999 
GL019086 
GL019116 
GL018981 
AAGW02076170 
GL019033 
GL018992 
GL018989 
GL018993 
GL018990 
GL019010 
GL019002 
GL019005 
GL019095 
GL018995 
GL019003 
GL019023 
GL019000 
GL019004 
GL018998 
GL019123 
GL019037 
GL019007 
GL019009 
GL019016 
GL019013 
GL019021 
GL019019 
GL019126 
GL019018 
GL019039 
GL019110 
GL019047 
GL019017 
GL019186 
GL019223 
GL019106 
GL019024 
GL019032 
GL019035 
GL019028 
GL019059 
GL019034 
GL019042 
GL019027 
GL019030 
GL019219 
GL019031 
GL019058 
GL019029 
GL019065 
GL019040 
GL019044 
GL019041 
GL019053 
GL019051 
GL019341 
GL019048 
GL019074 
GL019049 
GL019045 
GL019043 
GL019050 
AAGW02077230 
GL019046 
GL019076 
GL019062 
GL019096 
GL019060 
GL019054 
GL019055 
GL019064 
GL019068 
GL019057 
GL019070 
GL019056 
GL019075 
GL019063 
GL019140 
GL019113 
GL019067 
GL019084 
GL019320 
GL019071 
GL019066 
GL019079 
GL019139 
GL019077 
GL019152 
GL019088 
GL019091 
GL019072 
GL019073 
GL019081 
GL019083 
GL019085 
GL019080 
GL019082 
GL019102 
GL019093 
GL019141 
GL019087 
GL019104 
GL019089 
GL019090 
GL019133 
GL019092 
GL019098 
GL019128 
GL019094 
GL019101 
GL019100 
GL019109 
GL019105 
GL019108 
GL019097 
GL019099 
AAGW02077833 
GL019114 
GL019112 
GL019122 
GL019121 
GL019156 
GL019119 
GL019127 
GL019107 
GL019134 
GL019124 
GL019129 
GL019120 
GL019125 
GL019143 
GL019115 
GL019118 
GL019138 
GL019159 
GL019117 
GL019203 
GL019173 
GL019135 
GL019144 
GL019151 
GL019191 
GL019142 
GL019131 
GL019136 
GL019132 
GL019153 
GL019160 
GL019137 
GL019146 
GL019194 
GL019150 
GL019155 
GL019163 
GL019154 
AAGW02078230 
GL019172 
GL019200 
GL019147 
GL019162 
GL019182 
GL019145 
GL019149 
GL019157 
GL019170 
GL019166 
GL019216 
GL019196 
GL019161 
GL019158 
GL019212 
GL019174 
GL019167 
GL019168 
GL019165 
GL019164 
GL019177 
AAGW02078537 
GL019183 
GL019169 
GL019178 
GL019171 
GL019206 
GL019213 
GL019181 
GL019179 
GL019175 
GL019193 
GL019230 
GL019176 
GL019185 
GL019218 
GL019184 
GL019192 
GL019242 
GL019226 
GL019204 
GL019209 
GL019197 
GL019228 
GL019201 
GL019278 
GL019188 
GL019189 
GL019199 
GL019288 
GL019195 
GL019222 
GL019198 
AAGW02078775 
GL019190 
GL019286 
GL019202 
GL019207 
GL019215 
GL019205 
GL019208 
GL019217 
GL019221 
GL019211 
GL019220 
GL019234 
GL019227 
GL019214 
GL019210 
GL019232 
AAGW02078982 
GL019236 
GL019229 
GL019224 
GL019259 
GL019235 
GL019249 
GL019233 
GL019237 
GL019231 
GL019313 
GL019238 
GL019257 
AAGW02079106 
GL019240 
GL019250 
GL019261 
GL019255 
GL019292 
GL019246 
GL019306 
GL019239 
GL019244 
GL019266 
GL019241 
GL019282 
AAGW02079147 
GL019294 
GL019267 
GL019243 
GL019245 
GL019252 
GL019248 
GL019258 
GL019262 
GL019260 
GL019256 
AAGW02079168 
GL019247 
AAGW02079180 
AAGW02079181 
AAGW02079182 
GL019263 
GL019500 
GL019251 
GL019254 
AAGW02079214 
GL019272 
GL019264 
GL019290 
GL019275 
GL019274 
GL019287 
GL019283 
GL019273 
GL019269 
GL019381 
GL019265 
GL019314 
GL019268 
GL019298 
AAGW02079307 
GL019270 
GL019277 
AAGW02079327 
GL019295 
GL019285 
GL019280 
GL019271 
GL019279 
GL019276 
GL019329 
GL019308 
GL019325 
GL019310 
AAGW02079371 
GL019289 
GL019281 
GL019300 
GL019284 
GL019293 
GL019302 
GL019299 
AAGW02079457 
AAGW02079465 
GL019291 
GL019438 
AAGW02079469 
GL019296 
GL019312 
GL019303 
GL019304 
GL019339 
GL019309 
AAGW02079515 
GL019333 
GL019301 
GL019340 
GL019326 
GL019318 
GL019305 
GL019307 
AAGW02079587 
GL019311 
GL019349 
GL019375 
GL019317 
GL019327 
GL019316 
GL019321 
GL019353 
GL019359 
GL019315 
GL019330 
GL019338 
GL019319 
GL019323 
GL019328 
GL019421 
AAGW02079656 
AAGW02079657 
AAGW02079658 
AAGW02079667 
GL019336 
AAGW02079674 
GL019331 
GL019344 
GL019408 
GL019322 
GL019324 
AAGW02079688 
GL019450 
GL019416 
GL019377 
GL019364 
GL019346 
GL019332 
GL019361 
GL019418 
GL019360 
GL019342 
GL019334 
GL019335 
GL019394 
GL019372 
GL019407 
GL019356 
GL019351 
GL019354 
GL019348 
GL019343 
GL019374 
GL019355 
GL019347 
GL019345 
GL019413 
GL019485 
AAGW02079814 
GL019412 
GL019363 
GL019472 
GL019369 
GL019396 
AAGW02079860 
GL019458 
GL019357 
GL019362 
GL019358 
GL019389 
GL019366 
GL019400 
GL019367 
GL019370 
AAGW02079913 
GL019371 
GL019384 
GL019368 
GL019365 
GL019422 
AAGW02079954 
GL019505 
GL019378 
GL019380 
GL019399 
GL019427 
GL019391 
GL019462 
GL019379 
GL019406 
GL019376 
GL019623 
GL019566 
GL019390 
GL019430 
GL019446 
GL019385 
AAGW02079977 
GL019387 
GL019442 
GL019409 
GL019393 
GL019444 
GL019382 
GL019495 
GL019581 
GL019414 
GL019429 
GL019410 
GL019392 
GL019388 
AAGW02079997 
GL019746 
GL019468 
GL019395 
GL019402 
GL019423 
GL019595 
GL019404 
AAGW02080057 
GL019401 
GL019417 
GL019453 
GL019469 
GL019426 
GL019424 
AAGW02080074 
GL019433 
GL019411 
GL019448 
AAGW02080085 
GL019403 
GL019435 
GL019461 
GL019415 
GL019405 
GL019419 
AAGW02080094 
GL019420 
GL019641 
GL019443 
GL019455 
GL019456 
GL019441 
GL019437 
GL019480 
GL019447 
GL019449 
GL019425 
GL019558 
AAGW02080218 
GL019436 
GL019440 
AAGW02080234 
AAGW02080240 
GL019432 
AAGW02080250 
GL019439 
GL019557 
GL019464 
GL019496 
GL019528 
GL019504 
GL019476 
AAGW02080326 
GL019460 
GL019486 
AAGW02080327 
GL019457 
GL019445 
GL019466 
GL019499 
GL019484 
GL019451 
GL019514 
GL019497 
AAGW02080385 
GL019490 
GL019467 
GL019508 
GL019473 
GL019494 
AAGW02080430 
GL019475 
GL019529 
GL019478 
GL019471 
GL019482 
GL019559 
GL019474 
GL019515 
GL019465 
GL019518 
GL019524 
GL019570 
GL019501 
AAGW02080481 
GL019487 
GL019510 
GL019527 
GL019489 
GL019477 
GL019506 
GL019531 
GL019492 
AAGW02080504 
GL019481 
GL019718 
GL019578 
AAGW02080516 
GL019503 
GL019488 
AAGW02080545 
GL019799 
GL019520 
AAGW02080608 
GL019534 
GL019513 
GL019502 
GL019523 
AAGW02080613 
GL019512 
GL019535 
GL019562 
GL019596 
GL019533 
GL019509 
GL019899 
AAGW02080665 
AAGW02080666 
GL019519 
GL019540 
GL019544 
GL019679 
GL019522 
GL019538 
GL019521 
GL019563 
GL019599 
GL019542 
GL019567 
GL019564 
GL019553 
GL019583 
GL019545 
AAGW02080727 
GL019541 
AAGW02080733 
GL019530 
AAGW02080734 
AAGW02080735 
GL019571 
AAGW02080755 
GL019603 
GL019537 
GL019543 
GL019536 
GL019555 
AAGW02080770 
GL019667 
GL019539 
GL019552 
GL019546 
GL019568 
AAGW02080787 
GL019597 
GL019548 
GL019569 
GL019549 
AAGW02080791 
GL019579 
GL019565 
GL019593 
AAGW02080820 
GL019556 
GL019554 
GL019551 
GL019561 
GL019574 
GL019580 
GL019609 
GL019575 
GL019560 
GL019577 
AAGW02080876 
GL019572 
AAGW02080908 
GL019600 
GL019594 
GL019616 
AAGW02080941 
GL019590 
AAGW02080967 
GL019589 
AAGW02080975 
GL019606 
GL019619 
GL019587 
GL019591 
GL019586 
GL019610 
GL019592 
GL019601 
GL019636 
GL019604 
GL019632 
GL019633 
GL019598 
GL019621 
GL019613 
GL019656 
GL019684 
GL019617 
GL019602 
AAGW02081081 
GL019622 
GL019615 
GL019637 
AAGW02081119 
GL019635 
AAGW02081122 
GL019625 
GL019624 
GL019640 
GL019629 
GL019644 
GL019626 
GL019631 
AAGW02081147 
AAGW02081154 
AAGW02081156 
GL019645 
AAGW02081157 
AAGW02081158 
AAGW02081159 
GL019661 
AAGW02081169 
GL019634 
GL019639 
GL019648 
GL019643 
GL019697 
GL019652 
AAGW02081221 
AAGW02081222 
GL019660 
GL019727 
GL019677 
AAGW02081234 
GL019651 
GL019682 
GL019658 
AAGW02081237 
AAGW02081239 
GL019717 
GL019647 
GL019761 
GL019721 
GL019657 
GL019670 
GL019659 
GL019650 
GL019666 
AAGW02081253 
GL019654 
AAGW02081278 
GL019674 
GL019676 
GL019702 
GL019686 
GL019706 
GL019671 
GL019683 
GL019662 
GL019685 
GL019669 
AAGW02081298 
GL019708 
GL019665 
AAGW02081304 
AAGW02081306 
AAGW02081327 
AAGW02081335 
GL019701 
GL019750 
GL019699 
AAGW02081336 
AAGW02081337 
GL019690 
AAGW02081341 
GL019680 
AAGW02081354 
GL019698 
GL019681 
GL019723 
GL019687 
GL019688 
GL019713 
GL019800 
GL019689 
AAGW02081401 
GL019705 
AAGW02081405 
GL019704 
AAGW02081411 
GL019694 
AAGW02081425 
GL019726 
GL019707 
GL019771 
GL019714 
GL019703 
AAGW02081438 
GL019730 
GL019735 
GL019731 
GL019778 
GL019755 
GL019710 
GL019728 
AAGW02081479 
AAGW02081481 
GL019711 
AAGW02081486 
GL019802 
AAGW02081491 
AAGW02081494 
GL019766 
GL019742 
AAGW02081496 
GL019716 
AAGW02081500 
GL019733 
GL019809 
GL019719 
GL019715 
GL019720 
AAGW02081504 
GL019722 
GL019743 
GL019744 
AAGW02081508 
AAGW02081520 
GL019734 
GL019752 
GL019736 
AAGW02081550 
AAGW02081566 
GL019737 
GL019768 
AAGW02081576 
GL019738 
GL019825 
AAGW02081581 
GL019798 
GL019796 
GL019773 
GL019741 
AAGW02081593 
AAGW02081594 
GL019791 
GL019772 
GL019770 
GL019745 
GL019762 
GL019783 
AAGW02081600 
AAGW02081601 
GL019759 
AAGW02081606 
GL019774 
GL019753 
AAGW02081607 
GL019754 
GL019757 
AAGW02081617 
AAGW02081618 
GL019814 
GL019763 
AAGW02081629 
GL019756 
AAGW02081636 
GL019769 
AAGW02081638 
GL019764 
GL019758 
GL019779 
GL019765 
GL019784 
GL019803 
GL019812 
GL019777 
GL019811 
AAGW02081685 
GL019780 
GL019806 
GL019794 
GL019775 
GL019785 
AAGW02081705 
GL019795 
GL019793 
GL019826 
GL019797 
GL019782 
GL019786 
GL019787 
GL019790 
AAGW02081745 
GL019838 
AAGW02081748 
GL019801 
AAGW02081749 
AAGW02081763 
AAGW02081770 
GL019863 
GL019805 
GL019829 
AAGW02081804 
AAGW02081816 
AAGW02081817 
GL019856 
GL019808 
GL019840 
AAGW02081822 
GL019810 
GL019817 
GL019887 
AAGW02081846 
GL019834 
GL019818 
AAGW02081851 
GL019920 
GL019836 
AAGW02081871 
GL019827 
AAGW02081878 
AAGW02081883 
GL019828 
GL019849 
AAGW02081888 
AAGW02081892 
AAGW02081894 
GL019848 
AAGW02081897 
AAGW02081907 
AAGW02081918 
AAGW02081919 
AAGW02081921 
GL019841 
GL019858 
AAGW02081925 
AAGW02081927 
AAGW02081934 
GL019839 
GL019845 
AAGW02081936 
AAGW02081937 
AAGW02081938 
AAGW02081948 
AAGW02081957 
AAGW02081958 
AAGW02081959 
GL019844 
AAGW02081960 
GL019850 
AAGW02081967 
AAGW02081968 
AAGW02081969 
GL019871 
AAGW02081974 
GL019864 
AAGW02081979 
GL019862 
GL019854 
GL019895 
GL019851 
AAGW02081991 
AAGW02081992 
AAGW02081994 
GL019859 
AAGW02081998 
AAGW02081999 
AAGW02082000 
AAGW02082005 
AAGW02082012 
AAGW02082013 
GL019882 
AAGW02082027 
AAGW02082028 
GL019861 
AAGW02082031 
GL019868 
AAGW02082043 
AAGW02082044 
AAGW02082046 
AAGW02082051 
GL019869 
AAGW02082054 
AAGW02082055 
AAGW02082059 
AAGW02082061 
AAGW02082062 
AAGW02082063 
GL019876 
AAGW02082064 
GL019873 
AAGW02082070 
AAGW02082071 
GL019888 
AAGW02082080 
GL019875 
AAGW02082082 
AAGW02082086 
GL019903 
AAGW02082090 
GL019879 
GL019883 
AAGW02082095 
AAGW02082103 
AAGW02082105 
GL019956 
AAGW02082107 
AAGW02082108 
GL019898 
AAGW02082113 
AAGW02082116 
AAGW02082117 
AAGW02082120 
AAGW02082123 
AAGW02082126 
AAGW02082131 
AAGW02082136 
AAGW02082139 
AAGW02082157 
GL019896 
GL019886 
GL019891 
AAGW02082162 
GL019897 
AAGW02082173 
AAGW02082174 
AAGW02082183 
GL019894 
GL019892 
AAGW02082187 
GL019906 
AAGW02082198 
AAGW02082199 
AAGW02082202 
AAGW02082203 
AAGW02082208 
AAGW02082210 
AAGW02082211 
AAGW02082218 
GL019910 
AAGW02082226 
AAGW02082229 
AAGW02082230 
AAGW02082232 
AAGW02082236 
GL019901 
AAGW02082245 
GL019914 
AAGW02082246 
GL019904 
GL019911 
GL019924 
GL019908 
GL019905 
AAGW02082252 
GL019909 
GL019961 
AAGW02082270 
AAGW02082273 
AAGW02082274 
AAGW02082278 
AAGW02082281 
AAGW02082282 
AAGW02082283 
AAGW02082285 
AAGW02082290 
AAGW02082291 
AAGW02082292 
GL019935 
GL019916 
GL019917 
GL019931 
GL019926 
AAGW02082309 
AAGW02082316 
GL019936 
AAGW02082319 
AAGW02082320 
GL019927 
GL019919 
GL019928 
AAGW02082325 
AAGW02082329 
AAGW02082330 
AAGW02082338 
AAGW02082343 
AAGW02082344 
GL019925 
AAGW02082354 
AAGW02082356 
AAGW02082360 
AAGW02082362 
AAGW02082364 
GL019951 
AAGW02082370 
AAGW02082379 
AAGW02082380 
GL019937 
AAGW02082383 
AAGW02082389 
AAGW02082390 
AAGW02082391 
GL019933 
AAGW02082394 
AAGW02082407 
AAGW02082411 
GL019940 
AAGW02082420 
AAGW02082432 
AAGW02082433 
AAGW02082435 
AAGW02082436 
AAGW02082437 
AAGW02082438 
AAGW02082441 
AAGW02082446 
AAGW02082447 
AAGW02082449 
AAGW02082450 
AAGW02082451 
AAGW02082456 
AAGW02082457 
AAGW02082458 
AAGW02082463 
GL019942 
AAGW02082472 
AAGW02082474 
AAGW02082475 
AAGW02082478 
GL019960 
GL019970 
AAGW02082492 
AAGW02082495 
AAGW02082497 
AAGW02082501 
AAGW02082502 
AAGW02082508 
AAGW02082511 
AAGW02082519 
GL019950 
AAGW02082521 
AAGW02082525 
GL019955 
AAGW02082530 
AAGW02082531 
AAGW02082532 
AAGW02082534 
AAGW02082541 
AAGW02082542 
AAGW02082551 
AAGW02082552 
AAGW02082554 
AAGW02082559 
AAGW02082562 
AAGW02082564 
AAGW02082567 
AAGW02082571 
AAGW02082573 
AAGW02082581 
AAGW02082585 
AAGW02082587 
AAGW02082589 
AAGW02082590 
AAGW02082591 
AAGW02082592 
AAGW02082595 
AAGW02082596 
AAGW02082597 
AAGW02082599 
AAGW02082601 
AAGW02082603 
AAGW02082611 
AAGW02082613 
AAGW02082615 
AAGW02082617 
AAGW02082626 
AAGW02082627 
AAGW02082631 
AAGW02082636 
AAGW02082637 
AAGW02082642 
AAGW02082644 
AAGW02082647 
AAGW02082648 
AAGW02082657 
AAGW02082662 
AAGW02082663 
AAGW02082666 
AAGW02082671 
AAGW02082672 
AAGW02082674 
AAGW02082679 
AAGW02082680 
AAGW02082682 
AAGW02082683 
AAGW02082686 
AAGW02082687 
AAGW02082689 
AAGW02082708 
AAGW02082711 
AAGW02082712 
AAGW02082713 
AAGW02082716 
AAGW02082720 
AAGW02082721 
AAGW02082722 
AAGW02082725 
GL019963 
AAGW02082736 
AAGW02082739 
AAGW02082741 
AAGW02082747 
AAGW02082748 
AAGW02082749 
AAGW02082755 
AAGW02082756 
AAGW02082759 
AAGW02082760 
AAGW02082761 
GL019964 
AAGW02082762 
AAGW02082765 
AAGW02082766 
GL019967 
AAGW02082778 
AAGW02082781 
AAGW02082782 
AAGW02082785 
AAGW02082788 
AAGW02082789 
AAGW02082792 
AAGW02082793 
AAGW02082813 
AAGW02082814 
AAGW02082820 
AAGW02082821 
AAGW02082830 
AAGW02082832 
AAGW02082835 
AAGW02082840 
AAGW02082841 
AAGW02082844 
AAGW02082845 
AAGW02082847 
AAGW02082848 
AAGW02082849 
AAGW02082851 
AAGW02082852 
AAGW02082854 
AAGW02082856 
AAGW02082858 
AAGW02082859 
AAGW02082860 
AAGW02082861 
AAGW02082866 
AAGW02082867 
AAGW02082872 
AAGW02082873 
AAGW02082875 
AAGW02082885 
AAGW02082891 
AAGW02082892 
AAGW02082894 
AAGW02082896 
AAGW02082898 
AAGW02082904 
AAGW02082907 
AAGW02082909 
AAGW02082910 
AAGW02082915 
AAGW02082924 
AAGW02082929 
AAGW02082930 
AAGW02082935 
AAGW02082937 
AAGW02082939 
AAGW02082940 
AAGW02082946 
AAGW02082949 
AAGW02082956 
AAGW02082961 
AAGW02082962 
AAGW02082970 
AAGW02082975 
AAGW02082977 
AAGW02082976 
AAGW02082978 
AAGW02082979 
AAGW02082980 
AAGW02082981 
AAGW02082984 
AAGW02082986 
AAGW02082987 
AAGW02082989 
AAGW02082995 
AAGW02082996 
AAGW02082997 
AAGW02083001 
AAGW02083003 
AAGW02083014 
AAGW02083017 
AAGW02083022 
AAGW02083025 
AAGW02083035 
AAGW02083043 
AAGW02083044 
AAGW02083047 
AAGW02083050 
AAGW02083056 
AAGW02083058 
AAGW02083060 
AAGW02083062 
AAGW02083070 
AAGW02083076 
AAGW02083078 
AAGW02083079 
AAGW02083080 
AAGW02083086 
AAGW02083089 
AAGW02083092 
AAGW02083097 
AAGW02083098 
AAGW02083102 
AAGW02083103 
AAGW02083107 
GL019983 
AAGW02083111 
AAGW02083116 
AAGW02083132 
AAGW02083136 
AAGW02083137 
AAGW02083138 
AAGW02083139 
AAGW02083152 
AAGW02083162 
AAGW02083165 
AAGW02083166 
AAGW02083169 
AAGW02083172 
AAGW02083173 
AAGW02083174 
AAGW02083176 
AAGW02083177 
AAGW02083181 
AAGW02083186 
AAGW02083195 
AAGW02083197 
AAGW02083209 
AAGW02083215 
AAGW02083225 
AAGW02083226 
AAGW02083227 
AAGW02083228 
AAGW02083231 
AAGW02083234 
AAGW02083237 
AAGW02083240 
AAGW02083241 
AAGW02083242 
AAGW02083243 
AAGW02083248 
AAGW02083252 
AAGW02083253 
AAGW02083255 
AAGW02083258 
AAGW02083261 
AAGW02083265 
AAGW02083268 
AAGW02083269 
AAGW02083273 
AAGW02083274 
AAGW02083278 
AAGW02083280 
AAGW02083290 
AAGW02083294 
AAGW02083300 
AAGW02083303 
AAGW02083309 
AAGW02083315 
AAGW02083320 
AAGW02083327 
AAGW02083330 
AAGW02083332 
AAGW02083342 
AAGW02083347 
AAGW02083348 
AAGW02083352 
AAGW02083354 
AAGW02083362 
AAGW02083364 
AAGW02083374 
AAGW02083378 
AAGW02083380 
AAGW02083386 
AAGW02083388 
AAGW02083391 
GL019991 
AAGW02083400 
AAGW02083412 
AAGW02083413 
AAGW02083420 
AAGW02083423 
AAGW02083426 
AAGW02083429 
AAGW02083430 
AAGW02083434 
AAGW02083440 
AAGW02083441 
AAGW02083445 
AAGW02083449 
AAGW02083453 
AAGW02083454 
GL020000 
AAGW02083462 
AAGW02083465 
AAGW02083472 
AAGW02083479 
AAGW02083485 
AAGW02083484 
AAGW02083486 
AAGW02083494 
AAGW02083496 
AAGW02083502 
AAGW02083505 
AAGW02083507 
AAGW02083510 
AAGW02083511 
AAGW02083513 
AAGW02083516 
AAGW02083518 
AAGW02083520 
GL019992 
AAGW02083524 
AAGW02083527 
AAGW02083531 
AAGW02083545 
AAGW02083553 
AAGW02083560 
AAGW02083568 
AAGW02083572 
AAGW02083573 
AAGW02083574 
AAGW02083584 
AAGW02083590 
AAGW02083592 
AAGW02083591 
AAGW02083597 
AAGW02083604 
AAGW02083612 
AAGW02083616 
AAGW02083620 
AAGW02083626 
AAGW02083628 
AAGW02083634 
AAGW02083635 
AAGW02083636 
AAGW02083648 
AAGW02083654 
AAGW02083656 
AAGW02083663 
AAGW02083662 
AAGW02083666 
AAGW02083667 
AAGW02083673 
AAGW02083695 
AAGW02083711 
AAGW02083715 
AAGW02083720 
AAGW02083722 
AAGW02083730 
AAGW02083736 
AAGW02083743 
AAGW02083749 
AAGW02083750 
AAGW02083751 
AAGW02083759 
AAGW02083761 
AAGW02083772 
AAGW02083776 
AAGW02083784 
AAGW02083789 
AAGW02083790 
AAGW02083794 
AAGW02083796 
AAGW02083798 
AAGW02083800 
AAGW02083803 
AAGW02083806 
AAGW02083805 
AAGW02083818 
AAGW02083821 
AAGW02083822 
AAGW02083823 
AAGW02083826 
AAGW02083830 
AAGW02083836 
AAGW02083848 
AAGW02083852 
AAGW02083867 
AAGW02083868 
AAGW02083869 
AAGW02083873 
AAGW02083877 
AAGW02083886 
AAGW02083905 
AAGW02083909 
AAGW02083913 
AAGW02083920 
AAGW02083929 
AAGW02083940 
AAGW02083952 
AAGW02083965 
AAGW02083968 
AAGW02083969 
AAGW02083971 
AAGW02083977 
AAGW02083979 
AAGW02084006 

Removed 4002558 loci that did not pass sample/population constraints from 4310803 loci.
Kept 308245 loci, composed of 63191379 sites; 551851 of those sites were filtered, 258023 variant sites remained.
    34986187 genomic sites, of which 22254929 were covered by multiple loci (63.6%).
Mean genotyped sites per locus: 175.46bp (stderr 0.10).

Population summary statistics (more detail in populations.sumstats_summary.tsv):
  1: 50.784 samples per locus; pi: 0.30486; all/variant/polymorphic sites: 50845666/210309/209332; private alleles: 427
  2: 49.087 samples per locus; pi: 0.31579; all/variant/polymorphic sites: 53633365/256202/255008; private alleles: 6195
  3: 33.314 samples per locus; pi: 0.25076; all/variant/polymorphic sites: 52147756/231679/191409; private alleles: 622

Number of variable sites found to be significantly out of Hardy-Weinberg equilibrium (<0.05):
  1: 16652
  2: 19829
  3: 11298
Number of loci found to be significantly out of Hardy-Weinberg equilibrium (<0.05):
  1: 139863
  2: 147151
  3: 153257
(more detail in populations.sumstats.tsv and populations.hapstats.tsv)

Population pair divergence statistics (more in populations.fst_summary.tsv and populations.phistats_summary.tsv):
  1-2: mean Fst: 0.0073293; mean Phi_st: 0.004462; mean Fst': 0.0033856
  1-3: mean Fst: 0.051417; mean Phi_st: 0.083208; mean Fst': 0.066801
  2-3: mean Fst: 0.053781; mean Phi_st: 0.086502; mean Fst': 0.070151

Populations is done.
ref_map.pl is done.

ref_map.pl completed at 2019-02-01 20:12:25
